<?xml version="1.0" encoding="UTF-8"?>
<!DOCTYPE suite SYSTEM "http://testng.org/testng-1.0.dtd">
<suite name="Default Suite">
    <test name="Junit">
    <classes>
      <class name="CLASS_NAME">
        <methods>
          <include name="METHOD_NAME"/>
        </methods>
      </class> <!-- CLASS_NAME -->
    </classes>
  </test> <!-- Junit -->
</suite> <!-- Default Suite -->
